#
# There is insufficient memory for the Java Runtime Environment to continue.
# Native memory allocation (mmap) failed to map 132120576 bytes for Failed to commit area from 0x0000000083600000 to 0x000000008b400000 of length 132120576.
# Possible reasons:
#   The system is out of physical RAM or swap space
#   The process is running with CompressedOops enabled, and the Java Heap may be blocking the growth of the native heap
# Possible solutions:
#   Reduce memory load on the system
#   Increase physical memory or swap space
#   Check if swap backing store is full
#   Decrease Java heap size (-Xmx/-Xms)
#   Decrease number of Java threads
#   Decrease Java thread stack sizes (-Xss)
#   Set larger code cache with -XX:ReservedCodeCacheSize=
# This output file may be truncated or incomplete.
#
#  Out of Memory Error (t:/workspace/open/src/hotspot/os/windows/os_windows.cpp:3269), pid=11480, tid=16308
#
# JRE version:  (11.0+28) (build )
# Java VM: OpenJDK 64-Bit Server VM (11+28, mixed mode, aot, sharing, tiered, compressed oops, g1 gc, windows-amd64)
# No core dump will be written. Minidumps are not enabled by default on client versions of Windows
#

---------------  S U M M A R Y ------------

Command Line: -javaagent:C:\Program Files\JetBrains\IntelliJ IDEA 2023.1.2\lib\idea_rt.jar=64983:C:\Program Files\JetBrains\IntelliJ IDEA 2023.1.2\bin -Dfile.encoding=UTF-8 Challenge

Host: Intel(R) Core(TM) i5-10210U CPU @ 1.60GHz, 8 cores, 7G,  Windows 10 , 64 bit Build 22621 (10.0.22621.2506)
Time: Thu Nov 30 00:05:40 2023 대한민국 표준시 elapsed time: 0 seconds (0d 0h 0m 0s)

---------------  T H R E A D  ---------------

Current thread (0x0000020239677800):  JavaThread "Unknown thread" [_thread_in_vm, id=16308, stack(0x0000003599e00000,0x0000003599f00000)]

Stack: [0x0000003599e00000,0x0000003599f00000]
Native frames: (J=compiled Java code, j=interpreted, Vv=VM code, C=native code)
V  [jvm.dll+0x63adaa]
V  [jvm.dll+0x77852f]
V  [jvm.dll+0x779b18]
V  [jvm.dll+0x77a1d3]
V  [jvm.dll+0x2624c8]
V  [jvm.dll+0x63825a]
V  [jvm.dll+0x62cb15]
V  [jvm.dll+0x31563c]
V  [jvm.dll+0x3154c2]
V  [jvm.dll+0x31ad36]
V  [jvm.dll+0x36726f]
V  [jvm.dll+0x366c90]
V  [jvm.dll+0x2f2378]
V  [jvm.dll+0x2f34d6]
V  [jvm.dll+0x7517d7]
V  [jvm.dll+0x752f1f]
V  [jvm.dll+0x374099]
V  [jvm.dll+0x738059]
V  [jvm.dll+0x3e35fd]
V  [jvm.dll+0x3e5961]
C  [java.exe+0x3603]
C  [java.exe+0x1746c]
C  [KERNEL32.DLL+0x1257d]
C  [ntdll.dll+0x5aa58]


---------------  P R O C E S S  ---------------

Threads class SMR info:
_java_thread_list=0x00000202374a5370, length=0, elements={
}

Java Threads: ( => current thread )

Other Threads:
  0x000002023968b000 GCTaskThread "GC Thread#0" [stack: 0x0000003599f00000,0x000000359a000000] [id=18744]
  0x00000202396bc000 ConcurrentGCThread "G1 Main Marker" [stack: 0x000000359a000000,0x000000359a100000] [id=9564]
  0x00000202396be800 ConcurrentGCThread "G1 Conc#0" [stack: 0x000000359a100000,0x000000359a200000] [id=12824]

[error occurred during error reporting (printing all threads), id 0xc0000005, EXCEPTION_ACCESS_VIOLATION (0xc0000005) at pc=0x00007ffc2b9b0d37]

VM state:not at safepoint (not fully initialized)

VM Mutex/Monitor currently owned by a thread:  ([mutex/lock_event])
[0x0000020239674060] Heap_lock - owner thread: 0x0000020239677800

Heap address: 0x0000000083600000, size: 1994 MB, Compressed Oops mode: Non-zero based: 0x0000000083600000
Narrow klass base: 0x0000000000000000, Narrow klass shift: 0

GC Heap History (0 events):
No events

Deoptimization events (0 events):
No events

Classes redefined (0 events):
No events

Internal exceptions (0 events):
No events

Events (0 events):
No events


Dynamic libraries:
0x00007ff691270000 - 0x00007ff6912b5000 	C:\openjdk-11+28_windows-x64_bin\jdk-11\bin\java.exe
0x00007ffc676f0000 - 0x00007ffc67907000 	C:\WINDOWS\SYSTEM32\ntdll.dll
0x00007ffc65820000 - 0x00007ffc658e4000 	C:\WINDOWS\System32\KERNEL32.DLL
0x00007ffc64ec0000 - 0x00007ffc65265000 	C:\WINDOWS\System32\KERNELBASE.dll
0x00007ffc65c00000 - 0x00007ffc65dae000 	C:\WINDOWS\System32\USER32.dll
0x00007ffc65390000 - 0x00007ffc653b6000 	C:\WINDOWS\System32\win32u.dll
0x00007ffc654f0000 - 0x00007ffc65519000 	C:\WINDOWS\System32\GDI32.dll
0x00007ffc65270000 - 0x00007ffc65389000 	C:\WINDOWS\System32\gdi32full.dll
0x00007ffc64c90000 - 0x00007ffc64d2a000 	C:\WINDOWS\System32\msvcp_win.dll
0x00007ffc64da0000 - 0x00007ffc64eb1000 	C:\WINDOWS\System32\ucrtbase.dll
0x00007ffc506b0000 - 0x00007ffc50943000 	C:\WINDOWS\WinSxS\amd64_microsoft.windows.common-controls_6595b64144ccf1df_6.0.22621.2506_none_270c5ae97388e100\COMCTL32.dll
0x00007ffc655b0000 - 0x00007ffc65657000 	C:\WINDOWS\System32\msvcrt.dll
0x00007ffc65a60000 - 0x00007ffc65a91000 	C:\WINDOWS\System32\IMM32.DLL
0x00007ffc5d300000 - 0x00007ffc5d316000 	C:\openjdk-11+28_windows-x64_bin\jdk-11\bin\vcruntime140.dll
0x00007ffc454d0000 - 0x00007ffc4557a000 	C:\openjdk-11+28_windows-x64_bin\jdk-11\bin\msvcp140.dll
0x00007ffc2b6b0000 - 0x00007ffc2c1f1000 	C:\openjdk-11+28_windows-x64_bin\jdk-11\bin\server\jvm.dll
0x00007ffc674f0000 - 0x00007ffc675a1000 	C:\WINDOWS\System32\ADVAPI32.dll
0x00007ffc65440000 - 0x00007ffc654e6000 	C:\WINDOWS\System32\sechost.dll
0x00007ffc66d80000 - 0x00007ffc66e97000 	C:\WINDOWS\System32\RPCRT4.dll
0x00007ffc65be0000 - 0x00007ffc65be8000 	C:\WINDOWS\System32\PSAPI.DLL
0x00007ffc5b8a0000 - 0x00007ffc5b8d4000 	C:\WINDOWS\SYSTEM32\WINMM.dll
0x00007ffc55c70000 - 0x00007ffc55c79000 	C:\WINDOWS\SYSTEM32\WSOCK32.dll
0x00007ffc5c610000 - 0x00007ffc5c61a000 	C:\WINDOWS\SYSTEM32\VERSION.dll
0x00007ffc663e0000 - 0x00007ffc66451000 	C:\WINDOWS\System32\WS2_32.dll
0x00007ffc63a60000 - 0x00007ffc63a78000 	C:\WINDOWS\SYSTEM32\kernel.appcore.dll
0x00007ffc5aa40000 - 0x00007ffc5aa51000 	C:\openjdk-11+28_windows-x64_bin\jdk-11\bin\verify.dll
0x00007ffc62360000 - 0x00007ffc62593000 	C:\WINDOWS\SYSTEM32\DBGHELP.DLL
0x00007ffc65db0000 - 0x00007ffc66139000 	C:\WINDOWS\System32\combase.dll
0x00007ffc65b00000 - 0x00007ffc65bd7000 	C:\WINDOWS\System32\OLEAUT32.dll
0x00007ffc5f860000 - 0x00007ffc5f892000 	C:\WINDOWS\SYSTEM32\dbgcore.DLL
0x00007ffc653c0000 - 0x00007ffc6543a000 	C:\WINDOWS\System32\bcryptPrimitives.dll
0x00007ffc55940000 - 0x00007ffc55968000 	C:\openjdk-11+28_windows-x64_bin\jdk-11\bin\java.dll
0x00007ffc52840000 - 0x00007ffc5286f000 	C:\openjdk-11+28_windows-x64_bin\jdk-11\bin\instrument.dll
0x00007ffc5aa20000 - 0x00007ffc5aa36000 	C:\openjdk-11+28_windows-x64_bin\jdk-11\bin\zip.dll
0x00007ffc618e0000 - 0x00007ffc618ea000 	C:\openjdk-11+28_windows-x64_bin\jdk-11\bin\jimage.dll

dbghelp: loaded successfully - version: 4.0.5 - missing functions: none
symbol engine: initialized successfully - sym options: 0x614 - pdb path: .;C:\openjdk-11+28_windows-x64_bin\jdk-11\bin;C:\WINDOWS\SYSTEM32;C:\WINDOWS\WinSxS\amd64_microsoft.windows.common-controls_6595b64144ccf1df_6.0.22621.2506_none_270c5ae97388e100;C:\openjdk-11+28_windows-x64_bin\jdk-11\bin\server

VM Arguments:
jvm_args: -javaagent:C:\Program Files\JetBrains\IntelliJ IDEA 2023.1.2\lib\idea_rt.jar=64983:C:\Program Files\JetBrains\IntelliJ IDEA 2023.1.2\bin -Dfile.encoding=UTF-8 
java_command: Challenge
java_class_path (initial): C:\Users\user\OneDrive\바탕 화면\객체지향 실습코드\Challenge_05\out\production\Challenge_05
Launcher Type: SUN_STANDARD

[Global flags]
     intx CICompilerCount                          = 4                                         {product} {ergonomic}
     uint ConcGCThreads                            = 2                                         {product} {ergonomic}
     uint G1ConcRefinementThreads                  = 8                                         {product} {ergonomic}
   size_t G1HeapRegionSize                         = 1048576                                   {product} {ergonomic}
    uintx GCDrainStackTargetSize                   = 64                                        {product} {ergonomic}
   size_t InitialHeapSize                          = 132120576                                 {product} {ergonomic}
   size_t MarkStackSize                            = 4194304                                   {product} {ergonomic}
   size_t MaxHeapSize                              = 2090860544                                {product} {ergonomic}
   size_t MinHeapDeltaBytes                        = 1048576                                   {product} {ergonomic}
    uintx NonNMethodCodeHeapSize                   = 5835340                                {pd product} {ergonomic}
    uintx NonProfiledCodeHeapSize                  = 122911450                              {pd product} {ergonomic}
    uintx ProfiledCodeHeapSize                     = 122911450                              {pd product} {ergonomic}
    uintx ReservedCodeCacheSize                    = 251658240                              {pd product} {ergonomic}
     bool SegmentedCodeCache                       = true                                      {product} {ergonomic}
     bool UseCompressedClassPointers               = true                                 {lp64_product} {ergonomic}
     bool UseCompressedOops                        = true                                 {lp64_product} {ergonomic}
     bool UseG1GC                                  = true                                      {product} {ergonomic}
     bool UseLargePagesIndividualAllocation        = false                                  {pd product} {ergonomic}

Logging:
Log output configuration:
 #0: stdout all=warning uptime,level,tags
 #1: stderr all=off uptime,level,tags

Environment Variables:
JAVA_HOME=C:\openjdk-11+28_windows-x64_bin\jdk-11
PATH=C:\openjdk-11+28_windows-x64_bin\jdk-11\bin;C:\Program Files (x86)\VMware\VMware Player\bin\;C:\WINDOWS\system32;C:\WINDOWS;C:\WINDOWS\System32\Wbem;C:\WINDOWS\System32\WindowsPowerShell\v1.0\;C:\WINDOWS\System32\OpenSSH\;C:\Program Files (x86)\swipl\bin;C:\Program Files\Microsoft SQL Server\130\Tools\Binn\;C:\Program Files\PuTTY\;C:\Program Files\nodejs\;C:\Git\cmd;C:\Users\user\AppData\Local\Programs\Python\Python39\Scripts\;C:\Users\user\AppData\Local\Programs\Python\Python39\;C:\Users\user\AppData\Local\Microsoft\WindowsApps;;C:\Program Files\JetBrains\PyCharm Community Edition 2021.2.1\bin;;C:\Intel\questa_fse\win64;C:\Program Files\JetBrains\IntelliJ IDEA Community Edition 2023.1.1\bin;;C:\Program Files\JetBrains\DataGrip 2023.1.1\bin;;C:\visual code\Microsoft VS Code\bin;C:\Users\user\AppData\Roaming\npm;C:\Program Files\JetBrains\IntelliJ IDEA 2023.1.2\bin;;C:\Program Files (x86)\ESTsoft\ALSee\x64
USERNAME=user
OS=Windows_NT
PROCESSOR_IDENTIFIER=Intel64 Family 6 Model 142 Stepping 12, GenuineIntel



---------------  S Y S T E M  ---------------

OS: Windows 10 , 64 bit Build 22621 (10.0.22621.2506)

CPU:total 8 (initial active 8) (4 cores per cpu, 2 threads per core) family 6 model 142 stepping 12, cmov, cx8, fxsr, mmx, sse, sse2, sse3, ssse3, sse4.1, sse4.2, popcnt, avx, avx2, aes, clmul, erms, 3dnowpref, lzcnt, ht, tsc, tscinvbit, bmi1, bmi2, adx, fma

Memory: 4k page, system-wide physical 7971M (652M free)
TotalPageFile size 9863M (AvailPageFile size 60M)
current process WorkingSet (physical memory assigned to process): 11M, peak: 11M
current process commit charge ("private bytes"): 60M, peak: 186M

vm_info: OpenJDK 64-Bit Server VM (11+28) for windows-amd64 JRE (11+28), built on Aug 23 2018 03:04:58 by "mach5one" with MS VC++ 15.5 (VS2017)

END.
