#
# There is insufficient memory for the Java Runtime Environment to continue.
# Native memory allocation (mmap) failed to map 132120576 bytes for Failed to commit area from 0x0000000083600000 to 0x000000008b400000 of length 132120576.
# Possible reasons:
#   The system is out of physical RAM or swap space
#   The process is running with CompressedOops enabled, and the Java Heap may be blocking the growth of the native heap
# Possible solutions:
#   Reduce memory load on the system
#   Increase physical memory or swap space
#   Check if swap backing store is full
#   Decrease Java heap size (-Xmx/-Xms)
#   Decrease number of Java threads
#   Decrease Java thread stack sizes (-Xss)
#   Set larger code cache with -XX:ReservedCodeCacheSize=
# This output file may be truncated or incomplete.
#
#  Out of Memory Error (t:/workspace/open/src/hotspot/os/windows/os_windows.cpp:3269), pid=15800, tid=8892
#
# JRE version:  (11.0+28) (build )
# Java VM: OpenJDK 64-Bit Server VM (11+28, mixed mode, aot, sharing, tiered, compressed oops, g1 gc, windows-amd64)
# No core dump will be written. Minidumps are not enabled by default on client versions of Windows
#

---------------  S U M M A R Y ------------

Command Line: -javaagent:C:\Program Files\JetBrains\IntelliJ IDEA Community Edition 2023.1.1\lib\idea_rt.jar=50730:C:\Program Files\JetBrains\IntelliJ IDEA Community Edition 2023.1.1\bin -Dfile.encoding=UTF-8 ImagePanel

Host: Intel(R) Core(TM) i5-10210U CPU @ 1.60GHz, 8 cores, 7G,  Windows 10 , 64 bit Build 22621 (10.0.22621.2506)
Time: Fri Dec  8 05:53:04 2023 대한민국 표준시 elapsed time: 0 seconds (0d 0h 0m 0s)

---------------  T H R E A D  ---------------

Current thread (0x000001d6274d5800):  JavaThread "Unknown thread" [_thread_in_vm, id=8892, stack(0x0000000986e00000,0x0000000986f00000)]

Stack: [0x0000000986e00000,0x0000000986f00000]
Native frames: (J=compiled Java code, j=interpreted, Vv=VM code, C=native code)
V  [jvm.dll+0x63adaa]
V  [jvm.dll+0x77852f]
V  [jvm.dll+0x779b18]
V  [jvm.dll+0x77a1d3]
V  [jvm.dll+0x2624c8]
V  [jvm.dll+0x63825a]
V  [jvm.dll+0x62cb15]
V  [jvm.dll+0x31563c]
V  [jvm.dll+0x3154c2]
V  [jvm.dll+0x31ad36]
V  [jvm.dll+0x36726f]
V  [jvm.dll+0x366c90]
V  [jvm.dll+0x2f2378]
V  [jvm.dll+0x2f34d6]
V  [jvm.dll+0x7517d7]
V  [jvm.dll+0x752f1f]
V  [jvm.dll+0x374099]
V  [jvm.dll+0x738059]
V  [jvm.dll+0x3e35fd]
V  [jvm.dll+0x3e5961]
C  [java.exe+0x3603]
C  [java.exe+0x1746c]
C  [KERNEL32.DLL+0x1257d]
C  [ntdll.dll+0x5aa58]


---------------  P R O C E S S  ---------------

Threads class SMR info:
_java_thread_list=0x000001d625b248e0, length=0, elements={
}

Java Threads: ( => current thread )

Other Threads:
  0x000001d6274ec800 GCTaskThread "GC Thread#0" [stack: 0x0000000986f00000,0x0000000987000000] [id=772]
  0x000001d62751c800 ConcurrentGCThread "G1 Main Marker" [stack: 0x0000000987000000,0x0000000987100000] [id=16804]
  0x000001d62751d800 ConcurrentGCThread "G1 Conc#0" [stack: 0x0000000987100000,0x0000000987200000] [id=16672]

[error occurred during error reporting (printing all threads), id 0xc0000005, EXCEPTION_ACCESS_VIOLATION (0xc0000005) at pc=0x00007fff7fc80d37]

VM state:not at safepoint (not fully initialized)

VM Mutex/Monitor currently owned by a thread:  ([mutex/lock_event])
[0x000001d6274d2a80] Heap_lock - owner thread: 0x000001d6274d5800

Heap address: 0x0000000083600000, size: 1994 MB, Compressed Oops mode: Non-zero based: 0x0000000083600000
Narrow klass base: 0x0000000000000000, Narrow klass shift: 0

GC Heap History (0 events):
No events

Deoptimization events (0 events):
No events

Classes redefined (0 events):
No events

Internal exceptions (0 events):
No events

Events (0 events):
No events


Dynamic libraries:
0x00007ff7d0da0000 - 0x00007ff7d0de5000 	C:\openjdk-11+28_windows-x64_bin\jdk-11\bin\java.exe
0x00007fffbe7b0000 - 0x00007fffbe9c7000 	C:\WINDOWS\SYSTEM32\ntdll.dll
0x00007fffbcc10000 - 0x00007fffbccd4000 	C:\WINDOWS\System32\KERNEL32.DLL
0x00007fffbbfc0000 - 0x00007fffbc365000 	C:\WINDOWS\System32\KERNELBASE.dll
0x00007fffbc670000 - 0x00007fffbc81e000 	C:\WINDOWS\System32\USER32.dll
0x00007fffbbe70000 - 0x00007fffbbe96000 	C:\WINDOWS\System32\win32u.dll
0x00007fffbddb0000 - 0x00007fffbddd9000 	C:\WINDOWS\System32\GDI32.dll
0x00007fffbc3e0000 - 0x00007fffbc4f9000 	C:\WINDOWS\System32\gdi32full.dll
0x00007fffbbba0000 - 0x00007fffbbc3a000 	C:\WINDOWS\System32\msvcp_win.dll
0x00007fffbbea0000 - 0x00007fffbbfb1000 	C:\WINDOWS\System32\ucrtbase.dll
0x00007fffa2350000 - 0x00007fffa25e3000 	C:\WINDOWS\WinSxS\amd64_microsoft.windows.common-controls_6595b64144ccf1df_6.0.22621.2506_none_270c5ae97388e100\COMCTL32.dll
0x00007fffbc5c0000 - 0x00007fffbc667000 	C:\WINDOWS\System32\msvcrt.dll
0x00007fffbdee0000 - 0x00007fffbdf11000 	C:\WINDOWS\System32\IMM32.DLL
0x00007fffb81c0000 - 0x00007fffb81d6000 	C:\openjdk-11+28_windows-x64_bin\jdk-11\bin\vcruntime140.dll
0x00007fff86870000 - 0x00007fff8691a000 	C:\openjdk-11+28_windows-x64_bin\jdk-11\bin\msvcp140.dll
0x00007fff7f980000 - 0x00007fff804c1000 	C:\openjdk-11+28_windows-x64_bin\jdk-11\bin\server\jvm.dll
0x00007fffbdc50000 - 0x00007fffbdd01000 	C:\WINDOWS\System32\ADVAPI32.dll
0x00007fffbc510000 - 0x00007fffbc5b6000 	C:\WINDOWS\System32\sechost.dll
0x00007fffbe4a0000 - 0x00007fffbe5b7000 	C:\WINDOWS\System32\RPCRT4.dll
0x00007fffbc500000 - 0x00007fffbc508000 	C:\WINDOWS\System32\PSAPI.DLL
0x00007fffb5750000 - 0x00007fffb575a000 	C:\WINDOWS\SYSTEM32\VERSION.dll
0x00007fffb81e0000 - 0x00007fffb81e9000 	C:\WINDOWS\SYSTEM32\WSOCK32.dll
0x00007fffb43e0000 - 0x00007fffb4414000 	C:\WINDOWS\SYSTEM32\WINMM.dll
0x00007fffbe420000 - 0x00007fffbe491000 	C:\WINDOWS\System32\WS2_32.dll
0x00007fffbaac0000 - 0x00007fffbaad8000 	C:\WINDOWS\SYSTEM32\kernel.appcore.dll
0x00007fffb6cb0000 - 0x00007fffb6cc1000 	C:\openjdk-11+28_windows-x64_bin\jdk-11\bin\verify.dll
0x00007fffb95d0000 - 0x00007fffb9803000 	C:\WINDOWS\SYSTEM32\DBGHELP.DLL
0x00007fffbd700000 - 0x00007fffbda89000 	C:\WINDOWS\System32\combase.dll
0x00007fffbda90000 - 0x00007fffbdb67000 	C:\WINDOWS\System32\OLEAUT32.dll
0x00007fffb8ae0000 - 0x00007fffb8b12000 	C:\WINDOWS\SYSTEM32\dbgcore.DLL
0x00007fffbbb20000 - 0x00007fffbbb9a000 	C:\WINDOWS\System32\bcryptPrimitives.dll
0x00007fffb6c00000 - 0x00007fffb6c28000 	C:\openjdk-11+28_windows-x64_bin\jdk-11\bin\java.dll
0x00007fffb4650000 - 0x00007fffb467f000 	C:\openjdk-11+28_windows-x64_bin\jdk-11\bin\instrument.dll
0x00007fffb6c90000 - 0x00007fffb6ca6000 	C:\openjdk-11+28_windows-x64_bin\jdk-11\bin\zip.dll
0x00007fffb6d50000 - 0x00007fffb6d5a000 	C:\openjdk-11+28_windows-x64_bin\jdk-11\bin\jimage.dll

dbghelp: loaded successfully - version: 4.0.5 - missing functions: none
symbol engine: initialized successfully - sym options: 0x614 - pdb path: .;C:\openjdk-11+28_windows-x64_bin\jdk-11\bin;C:\WINDOWS\SYSTEM32;C:\WINDOWS\WinSxS\amd64_microsoft.windows.common-controls_6595b64144ccf1df_6.0.22621.2506_none_270c5ae97388e100;C:\openjdk-11+28_windows-x64_bin\jdk-11\bin\server

VM Arguments:
jvm_args: -javaagent:C:\Program Files\JetBrains\IntelliJ IDEA Community Edition 2023.1.1\lib\idea_rt.jar=50730:C:\Program Files\JetBrains\IntelliJ IDEA Community Edition 2023.1.1\bin -Dfile.encoding=UTF-8 
java_command: ImagePanel
java_class_path (initial): C:\Users\user\OneDrive\바탕 화면\객체지향 실습코드\challenge_W10\out\production\challenge_W10
Launcher Type: SUN_STANDARD

[Global flags]
     intx CICompilerCount                          = 4                                         {product} {ergonomic}
     uint ConcGCThreads                            = 2                                         {product} {ergonomic}
     uint G1ConcRefinementThreads                  = 8                                         {product} {ergonomic}
   size_t G1HeapRegionSize                         = 1048576                                   {product} {ergonomic}
    uintx GCDrainStackTargetSize                   = 64                                        {product} {ergonomic}
   size_t InitialHeapSize                          = 132120576                                 {product} {ergonomic}
   size_t MarkStackSize                            = 4194304                                   {product} {ergonomic}
   size_t MaxHeapSize                              = 2090860544                                {product} {ergonomic}
   size_t MinHeapDeltaBytes                        = 1048576                                   {product} {ergonomic}
    uintx NonNMethodCodeHeapSize                   = 5835340                                {pd product} {ergonomic}
    uintx NonProfiledCodeHeapSize                  = 122911450                              {pd product} {ergonomic}
    uintx ProfiledCodeHeapSize                     = 122911450                              {pd product} {ergonomic}
    uintx ReservedCodeCacheSize                    = 251658240                              {pd product} {ergonomic}
     bool SegmentedCodeCache                       = true                                      {product} {ergonomic}
     bool UseCompressedClassPointers               = true                                 {lp64_product} {ergonomic}
     bool UseCompressedOops                        = true                                 {lp64_product} {ergonomic}
     bool UseG1GC                                  = true                                      {product} {ergonomic}
     bool UseLargePagesIndividualAllocation        = false                                  {pd product} {ergonomic}

Logging:
Log output configuration:
 #0: stdout all=warning uptime,level,tags
 #1: stderr all=off uptime,level,tags

Environment Variables:
JAVA_HOME=C:\openjdk-11+28_windows-x64_bin\jdk-11
PATH=C:\openjdk-11+28_windows-x64_bin\jdk-11\bin;C:\Program Files (x86)\VMware\VMware Player\bin\;C:\WINDOWS\system32;C:\WINDOWS;C:\WINDOWS\System32\Wbem;C:\WINDOWS\System32\WindowsPowerShell\v1.0\;C:\WINDOWS\System32\OpenSSH\;C:\Program Files (x86)\swipl\bin;C:\Program Files\Microsoft SQL Server\130\Tools\Binn\;C:\Program Files\PuTTY\;C:\Program Files\nodejs\;C:\Git\cmd;C:\Users\user\AppData\Local\Programs\Python\Python39\Scripts\;C:\Users\user\AppData\Local\Programs\Python\Python39\;C:\Users\user\AppData\Local\Microsoft\WindowsApps;;C:\Program Files\JetBrains\PyCharm Community Edition 2021.2.1\bin;;C:\Intel\questa_fse\win64;C:\Program Files\JetBrains\IntelliJ IDEA Community Edition 2023.1.1\bin;;C:\Program Files\JetBrains\DataGrip 2023.1.1\bin;;C:\visual code\Microsoft VS Code\bin;C:\Users\user\AppData\Roaming\npm;C:\Program Files\JetBrains\IntelliJ IDEA 2023.1.2\bin;;C:\Program Files (x86)\ESTsoft\ALSee\x64
USERNAME=user
OS=Windows_NT
PROCESSOR_IDENTIFIER=Intel64 Family 6 Model 142 Stepping 12, GenuineIntel



---------------  S Y S T E M  ---------------

OS: Windows 10 , 64 bit Build 22621 (10.0.22621.2506)

CPU:total 8 (initial active 8) (4 cores per cpu, 2 threads per core) family 6 model 142 stepping 12, cmov, cx8, fxsr, mmx, sse, sse2, sse3, ssse3, sse4.1, sse4.2, popcnt, avx, avx2, aes, clmul, erms, 3dnowpref, lzcnt, ht, tsc, tscinvbit, bmi1, bmi2, adx, fma

Memory: 4k page, system-wide physical 7971M (926M free)
TotalPageFile size 9863M (AvailPageFile size 126M)
current process WorkingSet (physical memory assigned to process): 11M, peak: 11M
current process commit charge ("private bytes"): 60M, peak: 186M

vm_info: OpenJDK 64-Bit Server VM (11+28) for windows-amd64 JRE (11+28), built on Aug 23 2018 03:04:58 by "mach5one" with MS VC++ 15.5 (VS2017)

END.
